<?xml version="1.0" encoding="UTF-8"?>
<coverage generated="1590020499582" clover="3.2.0">
  <project timestamp="1590020499582" name="All files">
    <metrics statements="68" coveredstatements="53" conditionals="10" coveredconditionals="8" methods="36" coveredmethods="29" elements="114" coveredelements="90" complexity="0" loc="68" ncloc="68" packages="1" files="1" classes="1"/>
    <file name="struct.js" path="D:\Projects\js-struct\src\struct.js">
      <metrics statements="68" coveredstatements="53" conditionals="10" coveredconditionals="8" methods="36" coveredmethods="29"/>
      <line num="2" count="1" type="stmt"/>
      <line num="16" count="4" type="stmt"/>
      <line num="17" count="8" type="stmt"/>
      <line num="21" count="0" type="stmt"/>
      <line num="23" count="0" type="stmt"/>
      <line num="25" count="0" type="stmt"/>
      <line num="26" count="0" type="stmt"/>
      <line num="29" count="0" type="stmt"/>
      <line num="33" count="16" type="stmt"/>
      <line num="37" count="16" type="stmt"/>
      <line num="38" count="16" type="stmt"/>
      <line num="40" count="16" type="stmt"/>
      <line num="42" count="16" type="stmt"/>
      <line num="43" count="32" type="stmt"/>
      <line num="45" count="32" type="cond" truecount="8" falsecount="2"/>
      <line num="47" count="4" type="stmt"/>
      <line num="48" count="2" type="stmt"/>
      <line num="49" count="1" type="stmt"/>
      <line num="51" count="4" type="stmt"/>
      <line num="54" count="4" type="stmt"/>
      <line num="55" count="2" type="stmt"/>
      <line num="56" count="1" type="stmt"/>
      <line num="58" count="4" type="stmt"/>
      <line num="61" count="4" type="stmt"/>
      <line num="62" count="2" type="stmt"/>
      <line num="63" count="1" type="stmt"/>
      <line num="65" count="4" type="stmt"/>
      <line num="68" count="4" type="stmt"/>
      <line num="69" count="2" type="stmt"/>
      <line num="70" count="1" type="stmt"/>
      <line num="72" count="4" type="stmt"/>
      <line num="75" count="4" type="stmt"/>
      <line num="76" count="2" type="stmt"/>
      <line num="77" count="1" type="stmt"/>
      <line num="79" count="4" type="stmt"/>
      <line num="82" count="4" type="stmt"/>
      <line num="83" count="2" type="stmt"/>
      <line num="84" count="1" type="stmt"/>
      <line num="86" count="4" type="stmt"/>
      <line num="89" count="4" type="stmt"/>
      <line num="90" count="2" type="stmt"/>
      <line num="91" count="1" type="stmt"/>
      <line num="93" count="4" type="stmt"/>
      <line num="96" count="4" type="stmt"/>
      <line num="97" count="2" type="stmt"/>
      <line num="98" count="1" type="stmt"/>
      <line num="100" count="4" type="stmt"/>
      <line num="103" count="0" type="stmt"/>
      <line num="104" count="0" type="stmt"/>
      <line num="105" count="0" type="stmt"/>
      <line num="107" count="0" type="stmt"/>
      <line num="110" count="0" type="stmt"/>
      <line num="111" count="0" type="stmt"/>
      <line num="112" count="0" type="stmt"/>
      <line num="114" count="0" type="stmt"/>
      <line num="117" count="32" type="stmt"/>
      <line num="121" count="16" type="stmt"/>
      <line num="123" count="16" type="stmt"/>
      <line num="127" count="1" type="stmt"/>
      <line num="135" count="1" type="stmt"/>
      <line num="143" count="1" type="stmt"/>
      <line num="151" count="1" type="stmt"/>
      <line num="159" count="1" type="stmt"/>
      <line num="167" count="1" type="stmt"/>
      <line num="175" count="1" type="stmt"/>
      <line num="183" count="1" type="stmt"/>
      <line num="191" count="0" type="stmt"/>
      <line num="199" count="0" type="stmt"/>
    </file>
  </project>
</coverage>
