{"total": {"lines":{"total":72,"covered":72,"skipped":0,"pct":100},"statements":{"total":75,"covered":75,"skipped":0,"pct":100},"functions":{"total":36,"covered":36,"skipped":0,"pct":100},"branches":{"total":10,"covered":10,"skipped":0,"pct":100}}
,"D:\\Projects\\js-struct\\src\\struct.js": {"lines":{"total":72,"covered":72,"skipped":0,"pct":100},"functions":{"total":36,"covered":36,"skipped":0,"pct":100},"statements":{"total":75,"covered":75,"skipped":0,"pct":100},"branches":{"total":10,"covered":10,"skipped":0,"pct":100}}
}
