{"total": {"lines":{"total":68,"covered":53,"skipped":0,"pct":77.94},"statements":{"total":71,"covered":55,"skipped":0,"pct":77.46},"functions":{"total":36,"covered":29,"skipped":0,"pct":80.56},"branches":{"total":10,"covered":8,"skipped":0,"pct":80}}
,"D:\\Projects\\js-struct\\src\\struct.js": {"lines":{"total":68,"covered":53,"skipped":0,"pct":77.94},"functions":{"total":36,"covered":29,"skipped":0,"pct":80.56},"statements":{"total":71,"covered":55,"skipped":0,"pct":77.46},"branches":{"total":10,"covered":8,"skipped":0,"pct":80}}
}
