{"D:\\Projects\\js-struct\\src\\struct.js": {"path":"D:\\Projects\\js-struct\\src\\struct.js","statementMap":{"0":{"start":{"line":2,"column":17},"end":{"line":13,"column":3}},"1":{"start":{"line":16,"column":4},"end":{"line":16,"column":27}},"2":{"start":{"line":17,"column":4},"end":{"line":17,"column":110}},"3":{"start":{"line":17,"column":38},"end":{"line":17,"column":52}},"4":{"start":{"line":17,"column":87},"end":{"line":17,"column":108}},"5":{"start":{"line":21,"column":24},"end":{"line":21,"column":71}},"6":{"start":{"line":23,"column":20},"end":{"line":23,"column":22}},"7":{"start":{"line":25,"column":4},"end":{"line":27,"column":5}},"8":{"start":{"line":25,"column":17},"end":{"line":25,"column":28}},"9":{"start":{"line":26,"column":6},"end":{"line":26,"column":67}},"10":{"start":{"line":29,"column":4},"end":{"line":29,"column":19}},"11":{"start":{"line":33,"column":26},"end":{"line":35,"column":5}},"12":{"start":{"line":37,"column":4},"end":{"line":37,"column":55}},"13":{"start":{"line":38,"column":4},"end":{"line":38,"column":50}},"14":{"start":{"line":40,"column":24},"end":{"line":40,"column":35}},"15":{"start":{"line":42,"column":4},"end":{"line":119,"column":7}},"16":{"start":{"line":43,"column":6},"end":{"line":43,"column":68}},"17":{"start":{"line":45,"column":6},"end":{"line":115,"column":7}},"18":{"start":{"line":47,"column":10},"end":{"line":50,"column":13}},"19":{"start":{"line":48,"column":23},"end":{"line":48,"column":130}},"20":{"start":{"line":49,"column":26},"end":{"line":49,"column":140}},"21":{"start":{"line":51,"column":10},"end":{"line":51,"column":16}},"22":{"start":{"line":54,"column":10},"end":{"line":57,"column":13}},"23":{"start":{"line":55,"column":23},"end":{"line":55,"column":131}},"24":{"start":{"line":56,"column":26},"end":{"line":56,"column":141}},"25":{"start":{"line":58,"column":10},"end":{"line":58,"column":16}},"26":{"start":{"line":61,"column":10},"end":{"line":64,"column":13}},"27":{"start":{"line":62,"column":23},"end":{"line":62,"column":131}},"28":{"start":{"line":63,"column":26},"end":{"line":63,"column":141}},"29":{"start":{"line":65,"column":10},"end":{"line":65,"column":16}},"30":{"start":{"line":68,"column":10},"end":{"line":71,"column":13}},"31":{"start":{"line":69,"column":23},"end":{"line":69,"column":132}},"32":{"start":{"line":70,"column":26},"end":{"line":70,"column":142}},"33":{"start":{"line":72,"column":10},"end":{"line":72,"column":16}},"34":{"start":{"line":75,"column":10},"end":{"line":78,"column":13}},"35":{"start":{"line":76,"column":23},"end":{"line":76,"column":131}},"36":{"start":{"line":77,"column":26},"end":{"line":77,"column":141}},"37":{"start":{"line":79,"column":10},"end":{"line":79,"column":16}},"38":{"start":{"line":82,"column":10},"end":{"line":85,"column":13}},"39":{"start":{"line":83,"column":23},"end":{"line":83,"column":132}},"40":{"start":{"line":84,"column":26},"end":{"line":84,"column":142}},"41":{"start":{"line":86,"column":10},"end":{"line":86,"column":16}},"42":{"start":{"line":89,"column":10},"end":{"line":92,"column":13}},"43":{"start":{"line":90,"column":23},"end":{"line":90,"column":134}},"44":{"start":{"line":91,"column":26},"end":{"line":91,"column":144}},"45":{"start":{"line":93,"column":10},"end":{"line":93,"column":16}},"46":{"start":{"line":96,"column":10},"end":{"line":99,"column":13}},"47":{"start":{"line":97,"column":23},"end":{"line":97,"column":135}},"48":{"start":{"line":98,"column":26},"end":{"line":98,"column":145}},"49":{"start":{"line":100,"column":10},"end":{"line":100,"column":16}},"50":{"start":{"line":103,"column":10},"end":{"line":106,"column":13}},"51":{"start":{"line":104,"column":23},"end":{"line":104,"column":133}},"52":{"start":{"line":105,"column":26},"end":{"line":105,"column":143}},"53":{"start":{"line":107,"column":10},"end":{"line":107,"column":16}},"54":{"start":{"line":110,"column":10},"end":{"line":113,"column":13}},"55":{"start":{"line":111,"column":23},"end":{"line":111,"column":133}},"56":{"start":{"line":112,"column":26},"end":{"line":112,"column":143}},"57":{"start":{"line":114,"column":10},"end":{"line":114,"column":16}},"58":{"start":{"line":117,"column":6},"end":{"line":117,"column":43}},"59":{"start":{"line":121,"column":4},"end":{"line":121,"column":45}},"60":{"start":{"line":123,"column":4},"end":{"line":123,"column":25}},"61":{"start":{"line":127,"column":4},"end":{"line":131,"column":5}},"62":{"start":{"line":135,"column":4},"end":{"line":139,"column":5}},"63":{"start":{"line":143,"column":4},"end":{"line":147,"column":5}},"64":{"start":{"line":151,"column":4},"end":{"line":155,"column":5}},"65":{"start":{"line":159,"column":4},"end":{"line":163,"column":5}},"66":{"start":{"line":167,"column":4},"end":{"line":171,"column":5}},"67":{"start":{"line":175,"column":4},"end":{"line":179,"column":5}},"68":{"start":{"line":183,"column":4},"end":{"line":187,"column":5}},"69":{"start":{"line":191,"column":4},"end":{"line":195,"column":5}},"70":{"start":{"line":199,"column":4},"end":{"line":203,"column":5}}},"fnMap":{"0":{"name":"(anonymous_0)","decl":{"start":{"line":15,"column":2},"end":{"line":15,"column":3}},"loc":{"start":{"line":15,"column":23},"end":{"line":18,"column":3}},"line":15},"1":{"name":"(anonymous_1)","decl":{"start":{"line":17,"column":31},"end":{"line":17,"column":32}},"loc":{"start":{"line":17,"column":38},"end":{"line":17,"column":52}},"line":17},"2":{"name":"(anonymous_2)","decl":{"start":{"line":17,"column":61},"end":{"line":17,"column":62}},"loc":{"start":{"line":17,"column":87},"end":{"line":17,"column":108}},"line":17},"3":{"name":"(anonymous_3)","decl":{"start":{"line":20,"column":2},"end":{"line":20,"column":3}},"loc":{"start":{"line":20,"column":72},"end":{"line":30,"column":3}},"line":20},"4":{"name":"(anonymous_4)","decl":{"start":{"line":32,"column":2},"end":{"line":32,"column":3}},"loc":{"start":{"line":32,"column":54},"end":{"line":124,"column":3}},"line":32},"5":{"name":"(anonymous_5)","decl":{"start":{"line":42,"column":28},"end":{"line":42,"column":29}},"loc":{"start":{"line":42,"column":40},"end":{"line":119,"column":5}},"line":42},"6":{"name":"(anonymous_6)","decl":{"start":{"line":48,"column":17},"end":{"line":48,"column":18}},"loc":{"start":{"line":48,"column":23},"end":{"line":48,"column":130}},"line":48},"7":{"name":"(anonymous_7)","decl":{"start":{"line":49,"column":17},"end":{"line":49,"column":18}},"loc":{"start":{"line":49,"column":26},"end":{"line":49,"column":140}},"line":49},"8":{"name":"(anonymous_8)","decl":{"start":{"line":55,"column":17},"end":{"line":55,"column":18}},"loc":{"start":{"line":55,"column":23},"end":{"line":55,"column":131}},"line":55},"9":{"name":"(anonymous_9)","decl":{"start":{"line":56,"column":17},"end":{"line":56,"column":18}},"loc":{"start":{"line":56,"column":26},"end":{"line":56,"column":141}},"line":56},"10":{"name":"(anonymous_10)","decl":{"start":{"line":62,"column":17},"end":{"line":62,"column":18}},"loc":{"start":{"line":62,"column":23},"end":{"line":62,"column":131}},"line":62},"11":{"name":"(anonymous_11)","decl":{"start":{"line":63,"column":17},"end":{"line":63,"column":18}},"loc":{"start":{"line":63,"column":26},"end":{"line":63,"column":141}},"line":63},"12":{"name":"(anonymous_12)","decl":{"start":{"line":69,"column":17},"end":{"line":69,"column":18}},"loc":{"start":{"line":69,"column":23},"end":{"line":69,"column":132}},"line":69},"13":{"name":"(anonymous_13)","decl":{"start":{"line":70,"column":17},"end":{"line":70,"column":18}},"loc":{"start":{"line":70,"column":26},"end":{"line":70,"column":142}},"line":70},"14":{"name":"(anonymous_14)","decl":{"start":{"line":76,"column":17},"end":{"line":76,"column":18}},"loc":{"start":{"line":76,"column":23},"end":{"line":76,"column":131}},"line":76},"15":{"name":"(anonymous_15)","decl":{"start":{"line":77,"column":17},"end":{"line":77,"column":18}},"loc":{"start":{"line":77,"column":26},"end":{"line":77,"column":141}},"line":77},"16":{"name":"(anonymous_16)","decl":{"start":{"line":83,"column":17},"end":{"line":83,"column":18}},"loc":{"start":{"line":83,"column":23},"end":{"line":83,"column":132}},"line":83},"17":{"name":"(anonymous_17)","decl":{"start":{"line":84,"column":17},"end":{"line":84,"column":18}},"loc":{"start":{"line":84,"column":26},"end":{"line":84,"column":142}},"line":84},"18":{"name":"(anonymous_18)","decl":{"start":{"line":90,"column":17},"end":{"line":90,"column":18}},"loc":{"start":{"line":90,"column":23},"end":{"line":90,"column":134}},"line":90},"19":{"name":"(anonymous_19)","decl":{"start":{"line":91,"column":17},"end":{"line":91,"column":18}},"loc":{"start":{"line":91,"column":26},"end":{"line":91,"column":144}},"line":91},"20":{"name":"(anonymous_20)","decl":{"start":{"line":97,"column":17},"end":{"line":97,"column":18}},"loc":{"start":{"line":97,"column":23},"end":{"line":97,"column":135}},"line":97},"21":{"name":"(anonymous_21)","decl":{"start":{"line":98,"column":17},"end":{"line":98,"column":18}},"loc":{"start":{"line":98,"column":26},"end":{"line":98,"column":145}},"line":98},"22":{"name":"(anonymous_22)","decl":{"start":{"line":104,"column":17},"end":{"line":104,"column":18}},"loc":{"start":{"line":104,"column":23},"end":{"line":104,"column":133}},"line":104},"23":{"name":"(anonymous_23)","decl":{"start":{"line":105,"column":17},"end":{"line":105,"column":18}},"loc":{"start":{"line":105,"column":26},"end":{"line":105,"column":143}},"line":105},"24":{"name":"(anonymous_24)","decl":{"start":{"line":111,"column":17},"end":{"line":111,"column":18}},"loc":{"start":{"line":111,"column":23},"end":{"line":111,"column":133}},"line":111},"25":{"name":"(anonymous_25)","decl":{"start":{"line":112,"column":17},"end":{"line":112,"column":18}},"loc":{"start":{"line":112,"column":26},"end":{"line":112,"column":143}},"line":112},"26":{"name":"(anonymous_26)","decl":{"start":{"line":126,"column":2},"end":{"line":126,"column":3}},"loc":{"start":{"line":126,"column":28},"end":{"line":132,"column":3}},"line":126},"27":{"name":"(anonymous_27)","decl":{"start":{"line":134,"column":2},"end":{"line":134,"column":3}},"loc":{"start":{"line":134,"column":29},"end":{"line":140,"column":3}},"line":134},"28":{"name":"(anonymous_28)","decl":{"start":{"line":142,"column":2},"end":{"line":142,"column":3}},"loc":{"start":{"line":142,"column":29},"end":{"line":148,"column":3}},"line":142},"29":{"name":"(anonymous_29)","decl":{"start":{"line":150,"column":2},"end":{"line":150,"column":3}},"loc":{"start":{"line":150,"column":30},"end":{"line":156,"column":3}},"line":150},"30":{"name":"(anonymous_30)","decl":{"start":{"line":158,"column":2},"end":{"line":158,"column":3}},"loc":{"start":{"line":158,"column":29},"end":{"line":164,"column":3}},"line":158},"31":{"name":"(anonymous_31)","decl":{"start":{"line":166,"column":2},"end":{"line":166,"column":3}},"loc":{"start":{"line":166,"column":30},"end":{"line":172,"column":3}},"line":166},"32":{"name":"(anonymous_32)","decl":{"start":{"line":174,"column":2},"end":{"line":174,"column":3}},"loc":{"start":{"line":174,"column":32},"end":{"line":180,"column":3}},"line":174},"33":{"name":"(anonymous_33)","decl":{"start":{"line":182,"column":2},"end":{"line":182,"column":3}},"loc":{"start":{"line":182,"column":33},"end":{"line":188,"column":3}},"line":182},"34":{"name":"(anonymous_34)","decl":{"start":{"line":190,"column":2},"end":{"line":190,"column":3}},"loc":{"start":{"line":190,"column":31},"end":{"line":196,"column":3}},"line":190},"35":{"name":"(anonymous_35)","decl":{"start":{"line":198,"column":2},"end":{"line":198,"column":3}},"loc":{"start":{"line":198,"column":31},"end":{"line":204,"column":3}},"line":198}},"branchMap":{"0":{"loc":{"start":{"line":45,"column":6},"end":{"line":115,"column":7}},"type":"switch","locations":[{"start":{"line":46,"column":8},"end":{"line":51,"column":16}},{"start":{"line":53,"column":8},"end":{"line":58,"column":16}},{"start":{"line":60,"column":8},"end":{"line":65,"column":16}},{"start":{"line":67,"column":8},"end":{"line":72,"column":16}},{"start":{"line":74,"column":8},"end":{"line":79,"column":16}},{"start":{"line":81,"column":8},"end":{"line":86,"column":16}},{"start":{"line":88,"column":8},"end":{"line":93,"column":16}},{"start":{"line":95,"column":8},"end":{"line":100,"column":16}},{"start":{"line":102,"column":8},"end":{"line":107,"column":16}},{"start":{"line":109,"column":8},"end":{"line":114,"column":16}}],"line":45}},"s":{"0":1,"1":4,"2":4,"3":8,"4":4,"5":0,"6":0,"7":0,"8":0,"9":0,"10":0,"11":16,"12":16,"13":16,"14":16,"15":16,"16":32,"17":32,"18":4,"19":2,"20":1,"21":4,"22":4,"23":2,"24":1,"25":4,"26":4,"27":2,"28":1,"29":4,"30":4,"31":2,"32":1,"33":4,"34":4,"35":2,"36":1,"37":4,"38":4,"39":2,"40":1,"41":4,"42":4,"43":2,"44":1,"45":4,"46":4,"47":2,"48":1,"49":4,"50":0,"51":0,"52":0,"53":0,"54":0,"55":0,"56":0,"57":0,"58":32,"59":16,"60":16,"61":1,"62":1,"63":1,"64":1,"65":1,"66":1,"67":1,"68":1,"69":0,"70":0},"f":{"0":4,"1":8,"2":4,"3":0,"4":16,"5":32,"6":2,"7":1,"8":2,"9":1,"10":2,"11":1,"12":2,"13":1,"14":2,"15":1,"16":2,"17":1,"18":2,"19":1,"20":2,"21":1,"22":0,"23":0,"24":0,"25":0,"26":1,"27":1,"28":1,"29":1,"30":1,"31":1,"32":1,"33":1,"34":0,"35":0},"b":{"0":[4,4,4,4,4,4,4,4,0,0]},"_coverageSchema":"1a1c01bbd47fc00a2c39e90264f33305004495a9","hash":"303bfb9d446c01ac6a8419e5b65d4138df0b281a"}
}
