TN:
SF:src\struct.js
FN:15,(anonymous_0)
FN:17,(anonymous_1)
FN:17,(anonymous_2)
FN:20,(anonymous_3)
FN:32,(anonymous_4)
FN:42,(anonymous_5)
FN:48,(anonymous_6)
FN:49,(anonymous_7)
FN:55,(anonymous_8)
FN:56,(anonymous_9)
FN:62,(anonymous_10)
FN:63,(anonymous_11)
FN:69,(anonymous_12)
FN:70,(anonymous_13)
FN:76,(anonymous_14)
FN:77,(anonymous_15)
FN:83,(anonymous_16)
FN:84,(anonymous_17)
FN:90,(anonymous_18)
FN:91,(anonymous_19)
FN:97,(anonymous_20)
FN:98,(anonymous_21)
FN:104,(anonymous_22)
FN:105,(anonymous_23)
FN:111,(anonymous_24)
FN:112,(anonymous_25)
FN:126,(anonymous_26)
FN:134,(anonymous_27)
FN:142,(anonymous_28)
FN:150,(anonymous_29)
FN:158,(anonymous_30)
FN:166,(anonymous_31)
FN:174,(anonymous_32)
FN:182,(anonymous_33)
FN:190,(anonymous_34)
FN:198,(anonymous_35)
FNF:36
FNH:29
FNDA:4,(anonymous_0)
FNDA:8,(anonymous_1)
FNDA:4,(anonymous_2)
FNDA:0,(anonymous_3)
FNDA:16,(anonymous_4)
FNDA:32,(anonymous_5)
FNDA:2,(anonymous_6)
FNDA:1,(anonymous_7)
FNDA:2,(anonymous_8)
FNDA:1,(anonymous_9)
FNDA:2,(anonymous_10)
FNDA:1,(anonymous_11)
FNDA:2,(anonymous_12)
FNDA:1,(anonymous_13)
FNDA:2,(anonymous_14)
FNDA:1,(anonymous_15)
FNDA:2,(anonymous_16)
FNDA:1,(anonymous_17)
FNDA:2,(anonymous_18)
FNDA:1,(anonymous_19)
FNDA:2,(anonymous_20)
FNDA:1,(anonymous_21)
FNDA:0,(anonymous_22)
FNDA:0,(anonymous_23)
FNDA:0,(anonymous_24)
FNDA:0,(anonymous_25)
FNDA:1,(anonymous_26)
FNDA:1,(anonymous_27)
FNDA:1,(anonymous_28)
FNDA:1,(anonymous_29)
FNDA:1,(anonymous_30)
FNDA:1,(anonymous_31)
FNDA:1,(anonymous_32)
FNDA:1,(anonymous_33)
FNDA:0,(anonymous_34)
FNDA:0,(anonymous_35)
DA:2,1
DA:16,4
DA:17,8
DA:21,0
DA:23,0
DA:25,0
DA:26,0
DA:29,0
DA:33,16
DA:37,16
DA:38,16
DA:40,16
DA:42,16
DA:43,32
DA:45,32
DA:47,4
DA:48,2
DA:49,1
DA:51,4
DA:54,4
DA:55,2
DA:56,1
DA:58,4
DA:61,4
DA:62,2
DA:63,1
DA:65,4
DA:68,4
DA:69,2
DA:70,1
DA:72,4
DA:75,4
DA:76,2
DA:77,1
DA:79,4
DA:82,4
DA:83,2
DA:84,1
DA:86,4
DA:89,4
DA:90,2
DA:91,1
DA:93,4
DA:96,4
DA:97,2
DA:98,1
DA:100,4
DA:103,0
DA:104,0
DA:105,0
DA:107,0
DA:110,0
DA:111,0
DA:112,0
DA:114,0
DA:117,32
DA:121,16
DA:123,16
DA:127,1
DA:135,1
DA:143,1
DA:151,1
DA:159,1
DA:167,1
DA:175,1
DA:183,1
DA:191,0
DA:199,0
LF:68
LH:53
BRDA:45,0,0,4
BRDA:45,0,1,4
BRDA:45,0,2,4
BRDA:45,0,3,4
BRDA:45,0,4,4
BRDA:45,0,5,4
BRDA:45,0,6,4
BRDA:45,0,7,4
BRDA:45,0,8,0
BRDA:45,0,9,0
BRF:10
BRH:8
end_of_record
